  [1m[35m (84.6ms)[0m  [1m[35mCREATE DATABASE "GossipProject_development" ENCODING = 'unicode'[0m
  ↳ bin/rails:9
  [1m[35m (68.9ms)[0m  [1m[35mCREATE DATABASE "GossipProject_test" ENCODING = 'unicode'[0m
  ↳ bin/rails:9
  [1m[35m (4.2ms)[0m  [1m[35mCREATE TABLE "schema_migrations" ("version" character varying NOT NULL PRIMARY KEY)[0m
  ↳ bin/rails:9
  [1m[35m (5.2ms)[0m  [1m[35mCREATE TABLE "ar_internal_metadata" ("key" character varying NOT NULL PRIMARY KEY, "value" character varying, "created_at" timestamp NOT NULL, "updated_at" timestamp NOT NULL)[0m
  ↳ bin/rails:9
  [1m[35m (0.2ms)[0m  [1m[34mSELECT pg_try_advisory_lock(7962212796303319995)[0m
  ↳ bin/rails:9
  [1m[35m (0.6ms)[0m  [1m[34mSELECT "schema_migrations"."version" FROM "schema_migrations" ORDER BY "schema_migrations"."version" ASC[0m
  ↳ bin/rails:9
Migrating to CreateUsers (20210208105641)
  [1m[35m (0.2ms)[0m  [1m[35mBEGIN[0m
  ↳ bin/rails:9
  [1m[35m (3.9ms)[0m  [1m[35mCREATE TABLE "users" ("id" bigserial primary key, "first_name" character varying, "last_name" character varying, "description" text, "email" character varying, "age" integer, "created_at" timestamp NOT NULL, "updated_at" timestamp NOT NULL)[0m
  ↳ db/migrate/20210208105641_create_users.rb:3
  [1m[36mActiveRecord::SchemaMigration Create (0.5ms)[0m  [1m[32mINSERT INTO "schema_migrations" ("version") VALUES ($1) RETURNING "version"[0m  [["version", "20210208105641"]]
  ↳ bin/rails:9
  [1m[35m (0.4ms)[0m  [1m[35mCOMMIT[0m
  ↳ bin/rails:9
Migrating to CreateCities (20210208105758)
  [1m[35m (0.2ms)[0m  [1m[35mBEGIN[0m
  ↳ bin/rails:9
  [1m[35m (5.1ms)[0m  [1m[35mCREATE TABLE "cities" ("id" bigserial primary key, "name" character varying, "zip_code" character varying, "created_at" timestamp NOT NULL, "updated_at" timestamp NOT NULL)[0m
  ↳ db/migrate/20210208105758_create_cities.rb:3
  [1m[35m (0.3ms)[0m  [1m[35mALTER TABLE "users" ADD "city_id" bigint[0m
  ↳ db/migrate/20210208105758_create_cities.rb:8
  [1m[35m (0.8ms)[0m  [1m[35mCREATE  INDEX  "index_users_on_city_id" ON "users"  ("city_id")[0m
  ↳ db/migrate/20210208105758_create_cities.rb:8
  [1m[35m (1.9ms)[0m  [1m[35mALTER TABLE "users" ADD CONSTRAINT "fk_rails_9c7442481a"
FOREIGN KEY ("city_id")
  REFERENCES "cities" ("id")
[0m
  ↳ db/migrate/20210208105758_create_cities.rb:8
  [1m[36mActiveRecord::SchemaMigration Create (0.2ms)[0m  [1m[32mINSERT INTO "schema_migrations" ("version") VALUES ($1) RETURNING "version"[0m  [["version", "20210208105758"]]
  ↳ bin/rails:9
  [1m[35m (0.4ms)[0m  [1m[35mCOMMIT[0m
  ↳ bin/rails:9
Migrating to CreateGossips (20210208105808)
  [1m[35m (0.2ms)[0m  [1m[35mBEGIN[0m
  ↳ bin/rails:9
  [1m[35m (4.4ms)[0m  [1m[35mCREATE TABLE "gossips" ("id" bigserial primary key, "title" character varying, "content" text, "user_id" bigint, "created_at" timestamp NOT NULL, "updated_at" timestamp NOT NULL)[0m
  ↳ db/migrate/20210208105808_create_gossips.rb:3
  [1m[35m (0.6ms)[0m  [1m[35mCREATE  INDEX  "index_gossips_on_user_id" ON "gossips"  ("user_id")[0m
  ↳ db/migrate/20210208105808_create_gossips.rb:3
  [1m[36mActiveRecord::SchemaMigration Create (0.1ms)[0m  [1m[32mINSERT INTO "schema_migrations" ("version") VALUES ($1) RETURNING "version"[0m  [["version", "20210208105808"]]
  ↳ bin/rails:9
  [1m[35m (0.3ms)[0m  [1m[35mCOMMIT[0m
  ↳ bin/rails:9
Migrating to CreateTags (20210208105932)
  [1m[35m (0.2ms)[0m  [1m[35mBEGIN[0m
  ↳ bin/rails:9
  [1m[35m (4.6ms)[0m  [1m[35mCREATE TABLE "tags" ("id" bigserial primary key, "title" character varying, "created_at" timestamp NOT NULL, "updated_at" timestamp NOT NULL)[0m
  ↳ db/migrate/20210208105932_create_tags.rb:3
  [1m[36mActiveRecord::SchemaMigration Create (0.2ms)[0m  [1m[32mINSERT INTO "schema_migrations" ("version") VALUES ($1) RETURNING "version"[0m  [["version", "20210208105932"]]
  ↳ bin/rails:9
  [1m[35m (0.3ms)[0m  [1m[35mCOMMIT[0m
  ↳ bin/rails:9
Migrating to CreateGossipTags (20210208110012)
  [1m[35m (0.2ms)[0m  [1m[35mBEGIN[0m
  ↳ bin/rails:9
  [1m[35m (5.0ms)[0m  [1m[35mCREATE TABLE "gossip_tags" ("id" bigserial primary key, "gossip_id" bigint, "tag_id" bigint, "created_at" timestamp NOT NULL, "updated_at" timestamp NOT NULL)[0m
  ↳ db/migrate/20210208110012_create_gossip_tags.rb:3
  [1m[35m (1.7ms)[0m  [1m[35mCREATE  INDEX  "index_gossip_tags_on_gossip_id" ON "gossip_tags"  ("gossip_id")[0m
  ↳ db/migrate/20210208110012_create_gossip_tags.rb:3
  [1m[35m (1.0ms)[0m  [1m[35mCREATE  INDEX  "index_gossip_tags_on_tag_id" ON "gossip_tags"  ("tag_id")[0m
  ↳ db/migrate/20210208110012_create_gossip_tags.rb:3
  [1m[36mActiveRecord::SchemaMigration Create (0.2ms)[0m  [1m[32mINSERT INTO "schema_migrations" ("version") VALUES ($1) RETURNING "version"[0m  [["version", "20210208110012"]]
  ↳ bin/rails:9
  [1m[35m (0.4ms)[0m  [1m[35mCOMMIT[0m
  ↳ bin/rails:9
Migrating to CreatePrivateMessages (20210208110102)
  [1m[35m (0.2ms)[0m  [1m[35mBEGIN[0m
  ↳ bin/rails:9
  [1m[35m (4.9ms)[0m  [1m[35mCREATE TABLE "private_messages" ("id" bigserial primary key, "recipient_id" bigint, "sender_id" bigint, "content" text, "created_at" timestamp NOT NULL, "updated_at" timestamp NOT NULL)[0m
  ↳ db/migrate/20210208110102_create_private_messages.rb:3
  [1m[35m (0.6ms)[0m  [1m[35mCREATE  INDEX  "index_private_messages_on_recipient_id" ON "private_messages"  ("recipient_id")[0m
  ↳ db/migrate/20210208110102_create_private_messages.rb:3
  [1m[35m (0.9ms)[0m  [1m[35mCREATE  INDEX  "index_private_messages_on_sender_id" ON "private_messages"  ("sender_id")[0m
  ↳ db/migrate/20210208110102_create_private_messages.rb:3
  [1m[36mActiveRecord::SchemaMigration Create (0.2ms)[0m  [1m[32mINSERT INTO "schema_migrations" ("version") VALUES ($1) RETURNING "version"[0m  [["version", "20210208110102"]]
  ↳ bin/rails:9
  [1m[35m (0.3ms)[0m  [1m[35mCOMMIT[0m
  ↳ bin/rails:9
  [1m[36mActiveRecord::InternalMetadata Load (0.3ms)[0m  [1m[34mSELECT  "ar_internal_metadata".* FROM "ar_internal_metadata" WHERE "ar_internal_metadata"."key" = $1 LIMIT $2[0m  [["key", "environment"], ["LIMIT", 1]]
  ↳ bin/rails:9
  [1m[35m (0.1ms)[0m  [1m[35mBEGIN[0m
  ↳ bin/rails:9
  [1m[36mActiveRecord::InternalMetadata Create (0.3ms)[0m  [1m[32mINSERT INTO "ar_internal_metadata" ("key", "value", "created_at", "updated_at") VALUES ($1, $2, $3, $4) RETURNING "key"[0m  [["key", "environment"], ["value", "development"], ["created_at", "2021-02-08 19:09:01.417235"], ["updated_at", "2021-02-08 19:09:01.417235"]]
  ↳ bin/rails:9
  [1m[35m (0.2ms)[0m  [1m[35mCOMMIT[0m
  ↳ bin/rails:9
  [1m[35m (0.1ms)[0m  [1m[34mSELECT pg_advisory_unlock(7962212796303319995)[0m
  ↳ bin/rails:9
  [1m[35m (0.2ms)[0m  [1m[34mSELECT "schema_migrations"."version" FROM "schema_migrations" ORDER BY "schema_migrations"."version" ASC[0m
  ↳ bin/rails:9
Started GET "/" for 127.0.0.1 at 2021-02-08 20:09:24 +0100
  [1m[35m (0.7ms)[0m  [1m[34mSELECT "schema_migrations"."version" FROM "schema_migrations" ORDER BY "schema_migrations"."version" ASC[0m
  ↳ /Users/basilalbader/.rvm/gems/ruby-2.7.1/gems/activerecord-5.2.4.4/lib/active_record/log_subscriber.rb:98
Processing by GossipsController#index as HTML
  Rendering gossips/index.html.erb within layouts/application
  [1m[36mGossip Load (0.8ms)[0m  [1m[34mSELECT "gossips".* FROM "gossips"[0m
  ↳ app/views/gossips/index.html.erb:5
  Rendered gossips/index.html.erb within layouts/application (22.7ms)
Completed 200 OK in 439ms (Views: 431.7ms | ActiveRecord: 2.5ms)


Started GET "/static_pages/team" for 127.0.0.1 at 2021-02-08 20:09:31 +0100
Processing by StaticPagesController#team as HTML
  Rendering static_pages/team.html.erb within layouts/application
  Rendered static_pages/team.html.erb within layouts/application (0.3ms)
Completed 200 OK in 17ms (Views: 15.5ms | ActiveRecord: 0.0ms)


Started GET "/static_pages/contact" for 127.0.0.1 at 2021-02-08 20:09:40 +0100
Processing by StaticPagesController#contact as HTML
  Rendering static_pages/contact.html.erb within layouts/application
  Rendered static_pages/contact.html.erb within layouts/application (0.2ms)
Completed 200 OK in 17ms (Views: 15.7ms | ActiveRecord: 0.0ms)


Started GET "/" for 127.0.0.1 at 2021-02-08 20:09:45 +0100
Processing by GossipsController#index as HTML
  Rendering gossips/index.html.erb within layouts/application
  [1m[36mGossip Load (0.6ms)[0m  [1m[34mSELECT "gossips".* FROM "gossips"[0m
  ↳ app/views/gossips/index.html.erb:5
  Rendered gossips/index.html.erb within layouts/application (1.6ms)
Completed 200 OK in 19ms (Views: 17.4ms | ActiveRecord: 0.6ms)


Started GET "/static_pages/team" for 127.0.0.1 at 2021-02-08 20:09:58 +0100
Processing by StaticPagesController#team as HTML
  Rendering static_pages/team.html.erb within layouts/application
  Rendered static_pages/team.html.erb within layouts/application (0.3ms)
Completed 200 OK in 16ms (Views: 14.7ms | ActiveRecord: 0.0ms)


Started GET "/static_pages/contact" for 127.0.0.1 at 2021-02-08 20:10:01 +0100
Processing by StaticPagesController#contact as HTML
  Rendering static_pages/contact.html.erb within layouts/application
  Rendered static_pages/contact.html.erb within layouts/application (0.2ms)
Completed 200 OK in 16ms (Views: 15.3ms | ActiveRecord: 0.0ms)


Started GET "/static_pages/contact" for 127.0.0.1 at 2021-02-08 20:10:03 +0100
Processing by StaticPagesController#contact as HTML
  Rendering static_pages/contact.html.erb within layouts/application
  Rendered static_pages/contact.html.erb within layouts/application (0.2ms)
Completed 200 OK in 16ms (Views: 14.9ms | ActiveRecord: 0.0ms)


Started GET "/" for 127.0.0.1 at 2021-02-08 20:10:04 +0100
Processing by GossipsController#index as HTML
  Rendering gossips/index.html.erb within layouts/application
  [1m[36mGossip Load (0.2ms)[0m  [1m[34mSELECT "gossips".* FROM "gossips"[0m
  ↳ app/views/gossips/index.html.erb:5
  Rendered gossips/index.html.erb within layouts/application (1.1ms)
Completed 200 OK in 16ms (Views: 14.8ms | ActiveRecord: 0.2ms)


Started GET "/" for 127.0.0.1 at 2021-02-08 20:10:24 +0100
Processing by GossipsController#index as HTML
  Rendering gossips/index.html.erb within layouts/application
  [1m[36mGossip Load (0.3ms)[0m  [1m[34mSELECT "gossips".* FROM "gossips"[0m
  ↳ app/views/gossips/index.html.erb:5
  Rendered gossips/index.html.erb within layouts/application (1.3ms)
Completed 200 OK in 29ms (Views: 28.0ms | ActiveRecord: 0.3ms)


Started GET "/static_pages/team" for 127.0.0.1 at 2021-02-08 20:11:54 +0100
Processing by StaticPagesController#team as HTML
  Rendering static_pages/team.html.erb within layouts/application
  Rendered static_pages/team.html.erb within layouts/application (0.3ms)
Completed 200 OK in 19ms (Views: 17.9ms | ActiveRecord: 0.0ms)


Started GET "/static_pages/contact" for 127.0.0.1 at 2021-02-08 20:11:56 +0100
Processing by StaticPagesController#contact as HTML
  Rendering static_pages/contact.html.erb within layouts/application
  Rendered static_pages/contact.html.erb within layouts/application (0.3ms)
Completed 200 OK in 16ms (Views: 14.9ms | ActiveRecord: 0.0ms)


Started GET "/static_pages/team" for 127.0.0.1 at 2021-02-08 20:46:48 +0100
  [1m[35m (0.7ms)[0m  [1m[34mSELECT "schema_migrations"."version" FROM "schema_migrations" ORDER BY "schema_migrations"."version" ASC[0m
  ↳ /Users/basilalbader/.rvm/gems/ruby-2.7.1/gems/activerecord-5.2.4.4/lib/active_record/log_subscriber.rb:98
Processing by StaticPagesController#team as HTML
  Rendering static_pages/team.html.erb within layouts/application
  Rendered static_pages/team.html.erb within layouts/application (1.1ms)
Completed 200 OK in 275ms (Views: 268.8ms | ActiveRecord: 0.0ms)


Started GET "/static_pages/team" for 127.0.0.1 at 2021-02-08 20:46:51 +0100
Processing by StaticPagesController#team as HTML
  Rendering static_pages/team.html.erb within layouts/application
  Rendered static_pages/team.html.erb within layouts/application (0.3ms)
Completed 200 OK in 17ms (Views: 16.0ms | ActiveRecord: 0.0ms)


Started GET "/static_pages/contact" for 127.0.0.1 at 2021-02-08 20:46:53 +0100
Processing by StaticPagesController#contact as HTML
  Rendering static_pages/contact.html.erb within layouts/application
  Rendered static_pages/contact.html.erb within layouts/application (0.2ms)
Completed 200 OK in 18ms (Views: 17.2ms | ActiveRecord: 0.0ms)


Started GET "/static_pages/team" for 127.0.0.1 at 2021-02-08 20:46:54 +0100
Processing by StaticPagesController#team as HTML
  Rendering static_pages/team.html.erb within layouts/application
  Rendered static_pages/team.html.erb within layouts/application (0.3ms)
Completed 200 OK in 16ms (Views: 15.1ms | ActiveRecord: 0.0ms)


Started GET "/" for 127.0.0.1 at 2021-02-08 20:46:55 +0100
Processing by GossipsController#index as HTML
  Rendering gossips/index.html.erb within layouts/application
  [1m[36mGossip Load (0.9ms)[0m  [1m[34mSELECT "gossips".* FROM "gossips"[0m
  ↳ app/views/gossips/index.html.erb:5
  Rendered gossips/index.html.erb within layouts/application (10.7ms)
Completed 200 OK in 30ms (Views: 26.7ms | ActiveRecord: 1.9ms)


  [1m[35m (225.3ms)[0m  [1m[35mCREATE DATABASE "GossipProject_development" ENCODING = 'unicode'[0m
  ↳ bin/rails:9
  [1m[35m (88.1ms)[0m  [1m[35mCREATE DATABASE "GossipProject_test" ENCODING = 'unicode'[0m
  ↳ bin/rails:9
  [1m[35m (66.6ms)[0m  [1m[35mCREATE DATABASE "GossipProject_development" ENCODING = 'unicode'[0m
  ↳ bin/rails:9
  [1m[35m (0.5ms)[0m  [1m[35mCREATE DATABASE "GossipProject_test" ENCODING = 'unicode'[0m
  ↳ bin/rails:9
  [1m[35m (4.7ms)[0m  [1m[35mCREATE TABLE "schema_migrations" ("version" character varying NOT NULL PRIMARY KEY)[0m
  ↳ bin/rails:9
  [1m[35m (43.6ms)[0m  [1m[35mCREATE TABLE "ar_internal_metadata" ("key" character varying NOT NULL PRIMARY KEY, "value" character varying, "created_at" timestamp NOT NULL, "updated_at" timestamp NOT NULL)[0m
  ↳ bin/rails:9
  [1m[35m (0.2ms)[0m  [1m[34mSELECT pg_try_advisory_lock(7962212796303319995)[0m
  ↳ bin/rails:9
  [1m[35m (0.3ms)[0m  [1m[34mSELECT "schema_migrations"."version" FROM "schema_migrations" ORDER BY "schema_migrations"."version" ASC[0m
  ↳ bin/rails:9
Migrating to CreateUsers (20210208105641)
  [1m[35m (0.1ms)[0m  [1m[35mBEGIN[0m
  ↳ bin/rails:9
  [1m[35m (84.8ms)[0m  [1m[35mCREATE TABLE "users" ("id" bigserial primary key, "first_name" character varying, "last_name" character varying, "description" text, "email" character varying, "age" integer, "created_at" timestamp NOT NULL, "updated_at" timestamp NOT NULL)[0m
  ↳ db/migrate/20210208105641_create_users.rb:3
  [1m[36mActiveRecord::SchemaMigration Create (0.5ms)[0m  [1m[32mINSERT INTO "schema_migrations" ("version") VALUES ($1) RETURNING "version"[0m  [["version", "20210208105641"]]
  ↳ bin/rails:9
  [1m[35m (0.5ms)[0m  [1m[35mCOMMIT[0m
  ↳ bin/rails:9
Migrating to CreateCities (20210208105758)
  [1m[35m (40.4ms)[0m  [1m[35mBEGIN[0m
  ↳ bin/rails:9
  [1m[35m (2.5ms)[0m  [1m[35mCREATE TABLE "cities" ("id" bigserial primary key, "name" character varying, "zip_code" character varying, "created_at" timestamp NOT NULL, "updated_at" timestamp NOT NULL)[0m
  ↳ db/migrate/20210208105758_create_cities.rb:3
  [1m[35m (0.3ms)[0m  [1m[35mALTER TABLE "users" ADD "city_id" bigint[0m
  ↳ db/migrate/20210208105758_create_cities.rb:8
  [1m[35m (0.9ms)[0m  [1m[35mCREATE  INDEX  "index_users_on_city_id" ON "users"  ("city_id")[0m
  ↳ db/migrate/20210208105758_create_cities.rb:8
  [1m[35m (48.9ms)[0m  [1m[35mALTER TABLE "users" ADD CONSTRAINT "fk_rails_9c7442481a"
FOREIGN KEY ("city_id")
  REFERENCES "cities" ("id")
[0m
  ↳ db/migrate/20210208105758_create_cities.rb:8
  [1m[36mActiveRecord::SchemaMigration Create (0.4ms)[0m  [1m[32mINSERT INTO "schema_migrations" ("version") VALUES ($1) RETURNING "version"[0m  [["version", "20210208105758"]]
  ↳ bin/rails:9
  [1m[35m (0.6ms)[0m  [1m[35mCOMMIT[0m
  ↳ bin/rails:9
Migrating to CreateGossips (20210208105808)
  [1m[35m (40.4ms)[0m  [1m[35mBEGIN[0m
  ↳ bin/rails:9
  [1m[35m (8.9ms)[0m  [1m[35mCREATE TABLE "gossips" ("id" bigserial primary key, "title" character varying, "content" text, "user_id" bigint, "created_at" timestamp NOT NULL, "updated_at" timestamp NOT NULL)[0m
  ↳ db/migrate/20210208105808_create_gossips.rb:3
  [1m[35m (0.7ms)[0m  [1m[35mCREATE  INDEX  "index_gossips_on_user_id" ON "gossips"  ("user_id")[0m
  ↳ db/migrate/20210208105808_create_gossips.rb:3
  [1m[36mActiveRecord::SchemaMigration Create (0.3ms)[0m  [1m[32mINSERT INTO "schema_migrations" ("version") VALUES ($1) RETURNING "version"[0m  [["version", "20210208105808"]]
  ↳ bin/rails:9
  [1m[35m (0.4ms)[0m  [1m[35mCOMMIT[0m
  ↳ bin/rails:9
Migrating to CreateTags (20210208105932)
  [1m[35m (39.9ms)[0m  [1m[35mBEGIN[0m
  ↳ bin/rails:9
  [1m[35m (2.7ms)[0m  [1m[35mCREATE TABLE "tags" ("id" bigserial primary key, "title" character varying, "created_at" timestamp NOT NULL, "updated_at" timestamp NOT NULL)[0m
  ↳ db/migrate/20210208105932_create_tags.rb:3
  [1m[36mActiveRecord::SchemaMigration Create (0.2ms)[0m  [1m[32mINSERT INTO "schema_migrations" ("version") VALUES ($1) RETURNING "version"[0m  [["version", "20210208105932"]]
  ↳ bin/rails:9
  [1m[35m (0.5ms)[0m  [1m[35mCOMMIT[0m
  ↳ bin/rails:9
Migrating to CreateGossipTags (20210208110012)
  [1m[35m (40.3ms)[0m  [1m[35mBEGIN[0m
  ↳ bin/rails:9
  [1m[35m (2.1ms)[0m  [1m[35mCREATE TABLE "gossip_tags" ("id" bigserial primary key, "gossip_id" bigint, "tag_id" bigint, "created_at" timestamp NOT NULL, "updated_at" timestamp NOT NULL)[0m
  ↳ db/migrate/20210208110012_create_gossip_tags.rb:3
  [1m[35m (0.9ms)[0m  [1m[35mCREATE  INDEX  "index_gossip_tags_on_gossip_id" ON "gossip_tags"  ("gossip_id")[0m
  ↳ db/migrate/20210208110012_create_gossip_tags.rb:3
  [1m[35m (0.7ms)[0m  [1m[35mCREATE  INDEX  "index_gossip_tags_on_tag_id" ON "gossip_tags"  ("tag_id")[0m
  ↳ db/migrate/20210208110012_create_gossip_tags.rb:3
  [1m[36mActiveRecord::SchemaMigration Create (0.2ms)[0m  [1m[32mINSERT INTO "schema_migrations" ("version") VALUES ($1) RETURNING "version"[0m  [["version", "20210208110012"]]
  ↳ bin/rails:9
  [1m[35m (0.7ms)[0m  [1m[35mCOMMIT[0m
  ↳ bin/rails:9
Migrating to CreatePrivateMessages (20210208110102)
  [1m[35m (40.4ms)[0m  [1m[35mBEGIN[0m
  ↳ bin/rails:9
  [1m[35m (2.8ms)[0m  [1m[35mCREATE TABLE "private_messages" ("id" bigserial primary key, "recipient_id" bigint, "sender_id" bigint, "content" text, "created_at" timestamp NOT NULL, "updated_at" timestamp NOT NULL)[0m
  ↳ db/migrate/20210208110102_create_private_messages.rb:3
  [1m[35m (0.8ms)[0m  [1m[35mCREATE  INDEX  "index_private_messages_on_recipient_id" ON "private_messages"  ("recipient_id")[0m
  ↳ db/migrate/20210208110102_create_private_messages.rb:3
  [1m[35m (0.7ms)[0m  [1m[35mCREATE  INDEX  "index_private_messages_on_sender_id" ON "private_messages"  ("sender_id")[0m
  ↳ db/migrate/20210208110102_create_private_messages.rb:3
  [1m[36mActiveRecord::SchemaMigration Create (0.2ms)[0m  [1m[32mINSERT INTO "schema_migrations" ("version") VALUES ($1) RETURNING "version"[0m  [["version", "20210208110102"]]
  ↳ bin/rails:9
  [1m[35m (0.6ms)[0m  [1m[35mCOMMIT[0m
  ↳ bin/rails:9
  [1m[36mActiveRecord::InternalMetadata Load (0.3ms)[0m  [1m[34mSELECT  "ar_internal_metadata".* FROM "ar_internal_metadata" WHERE "ar_internal_metadata"."key" = $1 LIMIT $2[0m  [["key", "environment"], ["LIMIT", 1]]
  ↳ bin/rails:9
  [1m[35m (0.1ms)[0m  [1m[35mBEGIN[0m
  ↳ bin/rails:9
  [1m[36mActiveRecord::InternalMetadata Create (0.4ms)[0m  [1m[32mINSERT INTO "ar_internal_metadata" ("key", "value", "created_at", "updated_at") VALUES ($1, $2, $3, $4) RETURNING "key"[0m  [["key", "environment"], ["value", "development"], ["created_at", "2021-02-08 20:34:05.537351"], ["updated_at", "2021-02-08 20:34:05.537351"]]
  ↳ bin/rails:9
  [1m[35m (39.9ms)[0m  [1m[35mCOMMIT[0m
  ↳ bin/rails:9
  [1m[35m (0.3ms)[0m  [1m[34mSELECT pg_advisory_unlock(7962212796303319995)[0m
  ↳ bin/rails:9
  [1m[35m (0.2ms)[0m  [1m[34mSELECT "schema_migrations"."version" FROM "schema_migrations" ORDER BY "schema_migrations"."version" ASC[0m
  ↳ bin/rails:9
  [1m[35m (0.5ms)[0m  [1m[34mSELECT "schema_migrations"."version" FROM "schema_migrations" ORDER BY "schema_migrations"."version" ASC[0m
  ↳ bin/rails:9
Started GET "/" for ::1 at 2021-02-08 21:34:20 +0100
  [1m[35m (0.5ms)[0m  [1m[34mSELECT "schema_migrations"."version" FROM "schema_migrations" ORDER BY "schema_migrations"."version" ASC[0m
  ↳ /Users/charles/.rvm/gems/ruby-2.7.1/gems/activerecord-5.2.4.4/lib/active_record/log_subscriber.rb:98
Processing by GossipsController#index as HTML
  Rendering gossips/index.html.erb within layouts/application
  [1m[36mGossip Load (0.5ms)[0m  [1m[34mSELECT "gossips".* FROM "gossips"[0m
  ↳ app/views/gossips/index.html.erb:5
  Rendered gossips/index.html.erb within layouts/application (14.8ms)
Completed 200 OK in 296ms (Views: 290.2ms | ActiveRecord: 1.4ms)


